<?xml version="1.0" encoding="UTF-8"?>
<!-- Generated by org.testng.reporters.JUnitReportReporter -->
<testsuite skipped="0" hostname="dangnn" name="siddhi.test.suite.TemperatureAlertAppUnitTests" tests="2" failures="1" timestamp="19 Mar 2020 07:02:05 GMT" time="16.672" errors="0">
  <testcase name="testSiddhiRunnerStartup" time="15.394" classname="siddhi.test.suite.TemperatureAlertAppUnitTests"/>
  <testcase name="testMoniteredFilter" time="1.278" classname="siddhi.test.suite.TemperatureAlertAppUnitTests">
    <failure type="java.lang.AssertionError" message="expected [true] but found [false]">
      <![CDATA[java.lang.AssertionError: expected [true] but found [false]
at org.testng.Assert.fail(Assert.java:96)
at org.testng.Assert.failNotEquals(Assert.java:776)
at org.testng.Assert.assertTrue(Assert.java:44)
at org.testng.Assert.assertTrue(Assert.java:54)
at siddhi.test.suite.TemperatureAlertAppUnitTests$1.receive(TemperatureAlertAppUnitTests.java:72)
at io.siddhi.core.query.output.callback.QueryCallback.send(QueryCallback.java:86)
at io.siddhi.core.query.output.callback.QueryCallback.receiveStreamEvent(QueryCallback.java:81)
at io.siddhi.core.query.output.ratelimit.OutputRateLimiter.sendToCallBacks(OutputRateLimiter.java:86)
at io.siddhi.core.query.output.ratelimit.PassThroughOutputRateLimiter.process(PassThroughOutputRateLimiter.java:44)
at io.siddhi.core.query.selector.QuerySelector.process(QuerySelector.java:97)
at io.siddhi.core.query.processor.filter.FilterProcessor.process(FilterProcessor.java:58)
at io.siddhi.core.query.input.ProcessStreamReceiver.processAndClear(ProcessStreamReceiver.java:182)
at io.siddhi.core.query.input.ProcessStreamReceiver.process(ProcessStreamReceiver.java:89)
at io.siddhi.core.query.input.ProcessStreamReceiver.receive(ProcessStreamReceiver.java:178)
at io.siddhi.core.stream.StreamJunction.sendData(StreamJunction.java:268)
at io.siddhi.core.stream.StreamJunction.access$200(StreamJunction.java:61)
at io.siddhi.core.stream.StreamJunction$Publisher.send(StreamJunction.java:501)
at io.siddhi.core.stream.input.InputDistributor.send(InputDistributor.java:49)
at io.siddhi.core.stream.input.InputEntryValve.send(InputEntryValve.java:75)
at io.siddhi.core.stream.input.InputHandler.send(InputHandler.java:52)
at siddhi.test.suite.TemperatureAlertAppUnitTests.testMoniteredFilter(TemperatureAlertAppUnitTests.java:82)
at sun.reflect.NativeMethodAccessorImpl.invoke0(Native Method)
at sun.reflect.NativeMethodAccessorImpl.invoke(NativeMethodAccessorImpl.java:62)
at sun.reflect.DelegatingMethodAccessorImpl.invoke(DelegatingMethodAccessorImpl.java:43)
at java.lang.reflect.Method.invoke(Method.java:498)
at org.testng.internal.MethodInvocationHelper.invokeMethod(MethodInvocationHelper.java:124)
at org.testng.internal.Invoker.invokeMethod(Invoker.java:583)
at org.testng.internal.Invoker.invokeTestMethod(Invoker.java:719)
at org.testng.internal.Invoker.invokeTestMethods(Invoker.java:989)
at org.testng.internal.TestMethodWorker.invokeTestMethods(TestMethodWorker.java:125)
at org.testng.internal.TestMethodWorker.run(TestMethodWorker.java:109)
at org.testng.TestRunner.privateRun(TestRunner.java:648)
at org.testng.TestRunner.run(TestRunner.java:505)
at org.testng.SuiteRunner.runTest(SuiteRunner.java:455)
at org.testng.SuiteRunner.runSequentially(SuiteRunner.java:450)
at org.testng.SuiteRunner.privateRun(SuiteRunner.java:415)
at org.testng.SuiteRunner.run(SuiteRunner.java:364)
at org.testng.SuiteRunnerWorker.runSuite(SuiteRunnerWorker.java:52)
at org.testng.SuiteRunnerWorker.run(SuiteRunnerWorker.java:84)
at org.testng.TestNG.runSuitesSequentially(TestNG.java:1208)
at org.testng.TestNG.runSuitesLocally(TestNG.java:1137)
at org.testng.TestNG.runSuites(TestNG.java:1049)
at org.testng.TestNG.run(TestNG.java:1017)
at org.apache.maven.surefire.testng.TestNGExecutor.run(TestNGExecutor.java:281)
at org.apache.maven.surefire.testng.TestNGXmlTestSuite.execute(TestNGXmlTestSuite.java:75)
at org.apache.maven.surefire.testng.TestNGProvider.invoke(TestNGProvider.java:121)
at org.apache.maven.surefire.booter.ForkedBooter.invokeProviderInSameClassLoader(ForkedBooter.java:290)
at org.apache.maven.surefire.booter.ForkedBooter.runSuitesInProcess(ForkedBooter.java:242)
at org.apache.maven.surefire.booter.ForkedBooter.main(ForkedBooter.java:121)
]]>
    </failure>
  </testcase> <!-- testMoniteredFilter -->
</testsuite> <!-- siddhi.test.suite.TemperatureAlertAppUnitTests -->
